# JRE version: Java(TM) SE Runtime Environment (7.0_79-b15) (build 1.7.0_79-b15)
# Java VM: Java HotSpot(TM) 64-Bit Server VM (24.79-b02 mixed mode linux-amd64 compressed oops)
Heap
 PSYoungGen      total 205824K, used 32146K [0x00000000f0000000, 0x00000000fee00000, 0x0000000100000000)
  eden space 181248K, 13% used [0x00000000f0000000,0x00000000f1790af8,0x00000000fb100000)
  from space 24576K, 32% used [0x00000000fd600000,0x00000000fddd3db0,0x00000000fee00000)
  to   space 31232K, 0% used [0x00000000fb100000,0x00000000fb100000,0x00000000fcf80000)
 ParOldGen       total 262144K, used 125849K [0x00000000d0000000, 0x00000000e0000000, 0x00000000f0000000)
  object space 262144K, 48% used [0x00000000d0000000,0x00000000d7ae6408,0x00000000e0000000)
 PSPermGen       total 110080K, used 82090K [0x00000000b8000000, 0x00000000beb80000, 0x00000000d0000000)
  object space 110080K, 74% used [0x00000000b8000000,0x00000000bd02aa58,0x00000000beb80000)
GC Heap History (10 events):
Event: 155,019 GC heap before
{Heap before GC invocations=42 (full 10):
 PSYoungGen      total 203264K, used 140281K [0x00000000f0000000, 0x00000000ff880000, 0x0000000100000000)
  eden space 186880K, 75% used [0x00000000f0000000,0x00000000f88fe4c8,0x00000000fb680000)
  from space 16384K, 0% used [0x00000000fb680000,0x00000000fb680000,0x00000000fc680000)
  to   space 33792K, 0% used [0x00000000fd780000,0x00000000fd780000,0x00000000ff880000)
 ParOldGen       total 262144K, used 135385K [0x00000000d0000000, 0x00000000e0000000, 0x00000000f0000000)
  object space 262144K, 51% used [0x00000000d0000000,0x00000000d8436578,0x00000000e0000000)
 PSPermGen       total 120832K, used 79687K [0x00000000b8000000, 0x00000000bf600000, 0x00000000d0000000)
  object space 120832K, 65% used [0x00000000b8000000,0x00000000bcdd1e00,0x00000000bf600000)
Event: 155,025 GC heap after
Heap after GC invocations=42 (full 10):
 PSYoungGen      total 217600K, used 14363K [0x00000000f0000000, 0x00000000ff580000, 0x0000000100000000)
  eden space 186880K, 0% used [0x00000000f0000000,0x00000000f0000000,0x00000000fb680000)
  from space 30720K, 46% used [0x00000000fd780000,0x00000000fe586dc8,0x00000000ff580000)
  to   space 32256K, 0% used [0x00000000fb680000,0x00000000fb680000,0x00000000fd600000)
 ParOldGen       total 262144K, used 135385K [0x00000000d0000000, 0x00000000e0000000, 0x00000000f0000000)
  object space 262144K, 51% used [0x00000000d0000000,0x00000000d8436578,0x00000000e0000000)
 PSPermGen       total 120832K, used 79687K [0x00000000b8000000, 0x00000000bf600000, 0x00000000d0000000)
  object space 120832K, 65% used [0x00000000b8000000,0x00000000bcdd1e00,0x00000000bf600000)
}
Event: 155,025 GC heap before
{Heap before GC invocations=43 (full 11):
 PSYoungGen      total 217600K, used 14363K [0x00000000f0000000, 0x00000000ff580000, 0x0000000100000000)
  eden space 186880K, 0% used [0x00000000f0000000,0x00000000f0000000,0x00000000fb680000)
  from space 30720K, 46% used [0x00000000fd780000,0x00000000fe586dc8,0x00000000ff580000)
  to   space 32256K, 0% used [0x00000000fb680000,0x00000000fb680000,0x00000000fd600000)
 ParOldGen       total 262144K, used 135385K [0x00000000d0000000, 0x00000000e0000000, 0x00000000f0000000)
  object space 262144K, 51% used [0x00000000d0000000,0x00000000d8436578,0x00000000e0000000)
 PSPermGen       total 120832K, used 79687K [0x00000000b8000000, 0x00000000bf600000, 0x00000000d0000000)
  object space 120832K, 65% used [0x00000000b8000000,0x00000000bcdd1e00,0x00000000bf600000)
Event: 155,133 GC heap after
Heap after GC invocations=43 (full 11):
 PSYoungGen      total 217600K, used 0K [0x00000000f0000000, 0x00000000ff580000, 0x0000000100000000)
  eden space 186880K, 0% used [0x00000000f0000000,0x00000000f0000000,0x00000000fb680000)
  from space 30720K, 0% used [0x00000000fd780000,0x00000000fd780000,0x00000000ff580000)
  to   space 32256K, 0% used [0x00000000fb680000,0x00000000fb680000,0x00000000fd600000)
 ParOldGen       total 262144K, used 133814K [0x00000000d0000000, 0x00000000e0000000, 0x00000000f0000000)
  object space 262144K, 51% used [0x00000000d0000000,0x00000000d82ad848,0x00000000e0000000)
 PSPermGen       total 115200K, used 79687K [0x00000000b8000000, 0x00000000bf080000, 0x00000000d0000000)
  object space 115200K, 69% used [0x00000000b8000000,0x00000000bcdd1e00,0x00000000bf080000)
}
Event: 155,311 GC heap before
{Heap before GC invocations=44 (full 11):
 PSYoungGen      total 217600K, used 51795K [0x00000000f0000000, 0x00000000ff580000, 0x0000000100000000)
  eden space 186880K, 27% used [0x00000000f0000000,0x00000000f3294d58,0x00000000fb680000)
  from space 30720K, 0% used [0x00000000fd780000,0x00000000fd780000,0x00000000ff580000)
  to   space 32256K, 0% used [0x00000000fb680000,0x00000000fb680000,0x00000000fd600000)
 ParOldGen       total 262144K, used 133814K [0x00000000d0000000, 0x00000000e0000000, 0x00000000f0000000)
  object space 262144K, 51% used [0x00000000d0000000,0x00000000d82ad848,0x00000000e0000000)
 PSPermGen       total 115200K, used 79687K [0x00000000b8000000, 0x00000000bf080000, 0x00000000d0000000)
  object space 115200K, 69% used [0x00000000b8000000,0x00000000bcdd1e00,0x00000000bf080000)
Event: 155,315 GC heap after
Heap after GC invocations=44 (full 11):
 PSYoungGen      total 219136K, used 5654K [0x00000000f0000000, 0x00000000ff580000, 0x0000000100000000)
  eden space 186880K, 0% used [0x00000000f0000000,0x00000000f0000000,0x00000000fb680000)
  from space 32256K, 17% used [0x00000000fb680000,0x00000000fbc05a60,0x00000000fd600000)
  to   space 32256K, 0% used [0x00000000fd600000,0x00000000fd600000,0x00000000ff580000)
 ParOldGen       total 262144K, used 133814K [0x00000000d0000000, 0x00000000e0000000, 0x00000000f0000000)
  object space 262144K, 51% used [0x00000000d0000000,0x00000000d82ad848,0x00000000e0000000)
 PSPermGen       total 115200K, used 79687K [0x00000000b8000000, 0x00000000bf080000, 0x00000000d0000000)
  object space 115200K, 69% used [0x00000000b8000000,0x00000000bcdd1e00,0x00000000bf080000)
}
Event: 155,315 GC heap before
{Heap before GC invocations=45 (full 12):
 PSYoungGen      total 219136K, used 5654K [0x00000000f0000000, 0x00000000ff580000, 0x0000000100000000)
  eden space 186880K, 0% used [0x00000000f0000000,0x00000000f0000000,0x00000000fb680000)
  from space 32256K, 17% used [0x00000000fb680000,0x00000000fbc05a60,0x00000000fd600000)
  to   space 32256K, 0% used [0x00000000fd600000,0x00000000fd600000,0x00000000ff580000)
 ParOldGen       total 262144K, used 133814K [0x00000000d0000000, 0x00000000e0000000, 0x00000000f0000000)
  object space 262144K, 51% used [0x00000000d0000000,0x00000000d82ad848,0x00000000e0000000)
 PSPermGen       total 115200K, used 79687K [0x00000000b8000000, 0x00000000bf080000, 0x00000000d0000000)
  object space 115200K, 69% used [0x00000000b8000000,0x00000000bcdd1e00,0x00000000bf080000)
Event: 155,423 GC heap after
Heap after GC invocations=45 (full 12):
 PSYoungGen      total 219136K, used 0K [0x00000000f0000000, 0x00000000ff580000, 0x0000000100000000)
  eden space 186880K, 0% used [0x00000000f0000000,0x00000000f0000000,0x00000000fb680000)
  from space 32256K, 0% used [0x00000000fb680000,0x00000000fb680000,0x00000000fd600000)
  to   space 32256K, 0% used [0x00000000fd600000,0x00000000fd600000,0x00000000ff580000)
 ParOldGen       total 262144K, used 125849K [0x00000000d0000000, 0x00000000e0000000, 0x00000000f0000000)
  object space 262144K, 48% used [0x00000000d0000000,0x00000000d7ae6408,0x00000000e0000000)
 PSPermGen       total 110080K, used 79687K [0x00000000b8000000, 0x00000000beb80000, 0x00000000d0000000)
  object space 110080K, 72% used [0x00000000b8000000,0x00000000bcdd1e00,0x00000000beb80000)
}
Event: 223,858 GC heap before
{Heap before GC invocations=46 (full 12):
 PSYoungGen      total 219136K, used 186879K [0x00000000f0000000, 0x00000000ff580000, 0x0000000100000000)
  eden space 186880K, 99% used [0x00000000f0000000,0x00000000fb67fd78,0x00000000fb680000)
  from space 32256K, 0% used [0x00000000fb680000,0x00000000fb680000,0x00000000fd600000)
  to   space 32256K, 0% used [0x00000000fd600000,0x00000000fd600000,0x00000000ff580000)
 ParOldGen       total 262144K, used 125849K [0x00000000d0000000, 0x00000000e0000000, 0x00000000f0000000)
  object space 262144K, 48% used [0x00000000d0000000,0x00000000d7ae6408,0x00000000e0000000)
 PSPermGen       total 110080K, used 81956K [0x00000000b8000000, 0x00000000beb80000, 0x00000000d0000000)
  object space 110080K, 74% used [0x00000000b8000000,0x00000000bd0090c0,0x00000000beb80000)
Event: 223,865 GC heap after
Heap after GC invocations=46 (full 12):
 PSYoungGen      total 205824K, used 8015K [0x00000000f0000000, 0x00000000fee00000, 0x0000000100000000)
  eden space 181248K, 0% used [0x00000000f0000000,0x00000000f0000000,0x00000000fb100000)
  from space 24576K, 32% used [0x00000000fd600000,0x00000000fddd3db0,0x00000000fee00000)
  to   space 31232K, 0% used [0x00000000fb100000,0x00000000fb100000,0x00000000fcf80000)
 ParOldGen       total 262144K, used 125849K [0x00000000d0000000, 0x00000000e0000000, 0x00000000f0000000)
  object space 262144K, 48% used [0x00000000d0000000,0x00000000d7ae6408,0x00000000e0000000)
 PSPermGen       total 110080K, used 81956K [0x00000000b8000000, 0x00000000beb80000, 0x00000000d0000000)
  object space 110080K, 74% used [0x00000000b8000000,0x00000000bd0090c0,0x00000000beb80000)
}

