# JRE version: Java(TM) SE Runtime Environment (7.0_79-b15) (build 1.7.0_79-b15)
# Java VM: Java HotSpot(TM) 64-Bit Server VM (24.79-b02 mixed mode linux-amd64 compressed oops)
Heap
 PSYoungGen      total 181248K, used 108775K [0x00000000f0000000, 0x00000000ffe80000, 0x0000000100000000)
  eden space 111104K, 89% used [0x00000000f0000000,0x00000000f6184bb0,0x00000000f6c80000)
  from space 70144K, 12% used [0x00000000fba00000,0x00000000fc2b52e8,0x00000000ffe80000)
  to   space 74752K, 0% used [0x00000000f6c80000,0x00000000f6c80000,0x00000000fb580000)
 ParOldGen       total 262144K, used 167746K [0x00000000d0000000, 0x00000000e0000000, 0x00000000f0000000)
  object space 262144K, 63% used [0x00000000d0000000,0x00000000da3d0b20,0x00000000e0000000)
 PSPermGen       total 67584K, used 67581K [0x00000000b8000000, 0x00000000bc200000, 0x00000000d0000000)
  object space 67584K, 99% used [0x00000000b8000000,0x00000000bc1ff4a0,0x00000000bc200000)
GC Heap History (10 events):
Event: 25,822 GC heap before
{Heap before GC invocations=6 (full 0):
 PSYoungGen      total 212992K, used 212984K [0x00000000f0000000, 0x0000000100000000, 0x0000000100000000)
  eden space 196608K, 100% used [0x00000000f0000000,0x00000000fc000000,0x00000000fc000000)
  from space 16384K, 99% used [0x00000000fc000000,0x00000000fcffe068,0x00000000fd000000)
  to   space 49152K, 0% used [0x00000000fd000000,0x00000000fd000000,0x0000000100000000)
 ParOldGen       total 262144K, used 91215K [0x00000000d0000000, 0x00000000e0000000, 0x00000000f0000000)
  object space 262144K, 34% used [0x00000000d0000000,0x00000000d5913e78,0x00000000e0000000)
 PSPermGen       total 58880K, used 58475K [0x00000000b8000000, 0x00000000bb980000, 0x00000000d0000000)
  object space 58880K, 99% used [0x00000000b8000000,0x00000000bb91afc0,0x00000000bb980000)
Event: 25,847 GC heap after
Heap after GC invocations=6 (full 0):
 PSYoungGen      total 193536K, used 49151K [0x00000000f0000000, 0x0000000100000000, 0x0000000100000000)
  eden space 144384K, 0% used [0x00000000f0000000,0x00000000f0000000,0x00000000f8d00000)
  from space 49152K, 99% used [0x00000000fd000000,0x00000000fffffd50,0x0000000100000000)
  to   space 58880K, 0% used [0x00000000f8d00000,0x00000000f8d00000,0x00000000fc680000)
 ParOldGen       total 262144K, used 92796K [0x00000000d0000000, 0x00000000e0000000, 0x00000000f0000000)
  object space 262144K, 35% used [0x00000000d0000000,0x00000000d5a9f0b0,0x00000000e0000000)
 PSPermGen       total 58880K, used 58475K [0x00000000b8000000, 0x00000000bb980000, 0x00000000d0000000)
  object space 58880K, 99% used [0x00000000b8000000,0x00000000bb91afc0,0x00000000bb980000)
}
Event: 27,585 GC heap before
{Heap before GC invocations=7 (full 0):
 PSYoungGen      total 193536K, used 193535K [0x00000000f0000000, 0x0000000100000000, 0x0000000100000000)
  eden space 144384K, 100% used [0x00000000f0000000,0x00000000f8d00000,0x00000000f8d00000)
  from space 49152K, 99% used [0x00000000fd000000,0x00000000fffffd50,0x0000000100000000)
  to   space 58880K, 0% used [0x00000000f8d00000,0x00000000f8d00000,0x00000000fc680000)
 ParOldGen       total 262144K, used 92796K [0x00000000d0000000, 0x00000000e0000000, 0x00000000f0000000)
  object space 262144K, 35% used [0x00000000d0000000,0x00000000d5a9f0b0,0x00000000e0000000)
 PSPermGen       total 58880K, used 58483K [0x00000000b8000000, 0x00000000bb980000, 0x00000000d0000000)
  object space 58880K, 99% used [0x00000000b8000000,0x00000000bb91cf18,0x00000000bb980000)
Event: 27,614 GC heap after
Heap after GC invocations=7 (full 0):
 PSYoungGen      total 200704K, used 56143K [0x00000000f0000000, 0x0000000100000000, 0x0000000100000000)
  eden space 144384K, 0% used [0x00000000f0000000,0x00000000f0000000,0x00000000f8d00000)
  from space 56320K, 99% used [0x00000000f8d00000,0x00000000fc3d3e30,0x00000000fc400000)
  to   space 61440K, 0% used [0x00000000fc400000,0x00000000fc400000,0x0000000100000000)
 ParOldGen       total 262144K, used 100213K [0x00000000d0000000, 0x00000000e0000000, 0x00000000f0000000)
  object space 262144K, 38% used [0x00000000d0000000,0x00000000d61dd700,0x00000000e0000000)
 PSPermGen       total 58880K, used 58483K [0x00000000b8000000, 0x00000000bb980000, 0x00000000d0000000)
  object space 58880K, 99% used [0x00000000b8000000,0x00000000bb91cf18,0x00000000bb980000)
}
Event: 30,862 GC heap before
{Heap before GC invocations=8 (full 0):
 PSYoungGen      total 200704K, used 200527K [0x00000000f0000000, 0x0000000100000000, 0x0000000100000000)
  eden space 144384K, 100% used [0x00000000f0000000,0x00000000f8d00000,0x00000000f8d00000)
  from space 56320K, 99% used [0x00000000f8d00000,0x00000000fc3d3e30,0x00000000fc400000)
  to   space 61440K, 0% used [0x00000000fc400000,0x00000000fc400000,0x0000000100000000)
 ParOldGen       total 262144K, used 100213K [0x00000000d0000000, 0x00000000e0000000, 0x00000000f0000000)
  object space 262144K, 38% used [0x00000000d0000000,0x00000000d61dd700,0x00000000e0000000)
 PSPermGen       total 58880K, used 58726K [0x00000000b8000000, 0x00000000bb980000, 0x00000000d0000000)
  object space 58880K, 99% used [0x00000000b8000000,0x00000000bb9598a0,0x00000000bb980000)
Event: 30,898 GC heap after
Heap after GC invocations=8 (full 0):
 PSYoungGen      total 175104K, used 61413K [0x00000000f0000000, 0x0000000100000000, 0x0000000100000000)
  eden space 113664K, 0% used [0x00000000f0000000,0x00000000f0000000,0x00000000f6f00000)
  from space 61440K, 99% used [0x00000000fc400000,0x00000000ffff9778,0x0000000100000000)
  to   space 74240K, 0% used [0x00000000f6f00000,0x00000000f6f00000,0x00000000fb780000)
 ParOldGen       total 262144K, used 105764K [0x00000000d0000000, 0x00000000e0000000, 0x00000000f0000000)
  object space 262144K, 40% used [0x00000000d0000000,0x00000000d67492b0,0x00000000e0000000)
 PSPermGen       total 58880K, used 58726K [0x00000000b8000000, 0x00000000bb980000, 0x00000000d0000000)
  object space 58880K, 99% used [0x00000000b8000000,0x00000000bb9598a0,0x00000000bb980000)
}
Event: 47,717 GC heap before
{Heap before GC invocations=9 (full 0):
 PSYoungGen      total 175104K, used 175077K [0x00000000f0000000, 0x0000000100000000, 0x0000000100000000)
  eden space 113664K, 100% used [0x00000000f0000000,0x00000000f6f00000,0x00000000f6f00000)
  from space 61440K, 99% used [0x00000000fc400000,0x00000000ffff9778,0x0000000100000000)
  to   space 74240K, 0% used [0x00000000f6f00000,0x00000000f6f00000,0x00000000fb780000)
 ParOldGen       total 262144K, used 105764K [0x00000000d0000000, 0x00000000e0000000, 0x00000000f0000000)
  object space 262144K, 40% used [0x00000000d0000000,0x00000000d67492b0,0x00000000e0000000)
 PSPermGen       total 61440K, used 61125K [0x00000000b8000000, 0x00000000bbc00000, 0x00000000d0000000)
  object space 61440K, 99% used [0x00000000b8000000,0x00000000bbbb15a0,0x00000000bbc00000)
Event: 47,761 GC heap after
Heap after GC invocations=9 (full 0):
 PSYoungGen      total 187904K, used 38143K [0x00000000f0000000, 0x0000000100000000, 0x0000000100000000)
  eden space 113664K, 0% used [0x00000000f0000000,0x00000000f0000000,0x00000000f6f00000)
  from space 74240K, 51% used [0x00000000f6f00000,0x00000000f943fd18,0x00000000fb780000)
  to   space 71680K, 0% used [0x00000000fba00000,0x00000000fba00000,0x0000000100000000)
 ParOldGen       total 262144K, used 137286K [0x00000000d0000000, 0x00000000e0000000, 0x00000000f0000000)
  object space 262144K, 52% used [0x00000000d0000000,0x00000000d86119a8,0x00000000e0000000)
 PSPermGen       total 61440K, used 61125K [0x00000000b8000000, 0x00000000bbc00000, 0x00000000d0000000)
  object space 61440K, 99% used [0x00000000b8000000,0x00000000bbbb15a0,0x00000000bbc00000)
}
Event: 116,358 GC heap before
{Heap before GC invocations=10 (full 0):
 PSYoungGen      total 187904K, used 151807K [0x00000000f0000000, 0x0000000100000000, 0x0000000100000000)
  eden space 113664K, 100% used [0x00000000f0000000,0x00000000f6f00000,0x00000000f6f00000)
  from space 74240K, 51% used [0x00000000f6f00000,0x00000000f943fd18,0x00000000fb780000)
  to   space 71680K, 0% used [0x00000000fba00000,0x00000000fba00000,0x0000000100000000)
 ParOldGen       total 262144K, used 137286K [0x00000000d0000000, 0x00000000e0000000, 0x00000000f0000000)
  object space 262144K, 52% used [0x00000000d0000000,0x00000000d86119a8,0x00000000e0000000)
 PSPermGen       total 63488K, used 63480K [0x00000000b8000000, 0x00000000bbe00000, 0x00000000d0000000)
  object space 63488K, 99% used [0x00000000b8000000,0x00000000bbdfe3f0,0x00000000bbe00000)
Event: 116,378 GC heap after
Heap after GC invocations=10 (full 0):
 PSYoungGen      total 181248K, used 8916K [0x00000000f0000000, 0x00000000ffe80000, 0x0000000100000000)
  eden space 111104K, 0% used [0x00000000f0000000,0x00000000f0000000,0x00000000f6c80000)
  from space 70144K, 12% used [0x00000000fba00000,0x00000000fc2b52e8,0x00000000ffe80000)
  to   space 74752K, 0% used [0x00000000f6c80000,0x00000000f6c80000,0x00000000fb580000)
 ParOldGen       total 262144K, used 167746K [0x00000000d0000000, 0x00000000e0000000, 0x00000000f0000000)
  object space 262144K, 63% used [0x00000000d0000000,0x00000000da3d0b20,0x00000000e0000000)
 PSPermGen       total 63488K, used 63480K [0x00000000b8000000, 0x00000000bbe00000, 0x00000000d0000000)
  object space 63488K, 99% used [0x00000000b8000000,0x00000000bbdfe3f0,0x00000000bbe00000)
}

